[0.000000] (-) TimerEvent: {}
[0.000498] (action_tutorials_interfaces) JobQueued: {'identifier': 'action_tutorials_interfaces', 'dependencies': OrderedDict()}
[0.000583] (action_tutorials_interfaces) JobStarted: {'identifier': 'action_tutorials_interfaces'}
[0.017018] (action_tutorials_interfaces) JobProgress: {'identifier': 'action_tutorials_interfaces', 'progress': 'cmake'}
[0.017487] (action_tutorials_interfaces) Command: {'cmd': ['/usr/bin/cmake', '/home/pedroportela/Linux/ros/scr/action_ws/src/action_tutorials_interfaces', '-DCMAKE_INSTALL_PREFIX=/home/pedroportela/Linux/ros/scr/action_ws/install/action_tutorials_interfaces'], 'cwd': '/home/pedroportela/Linux/ros/scr/action_ws/build/action_tutorials_interfaces', 'env': OrderedDict([('LESSOPEN', '| /usr/bin/lesspipe %s'), ('USER', 'pedroportela'), ('SHLVL', '1'), ('LD_LIBRARY_PATH', '/opt/ros/foxy/opt/yaml_cpp_vendor/lib:/opt/ros/foxy/opt/rviz_ogre_vendor/lib:/opt/ros/foxy/lib/x86_64-linux-gnu:/opt/ros/foxy/lib'), ('WT_PROFILE_ID', '{f184b75f-6c82-5ea5-9b3e-3203d66c5f82}'), ('HOME', '/home/pedroportela'), ('OLDPWD', '/home/pedroportela/Linux/ros/scr/action_ws/src/action_tutorials_interfaces'), ('ROS_PYTHON_VERSION', '3'), ('WSL_DISTRO_NAME', 'Ubuntu20.04LTS'), ('WAYLAND_DISPLAY', 'wayland-0'), ('ROS_DISTRO', 'foxy'), ('LOGNAME', 'pedroportela'), ('NAME', 'LAPTOP-FQL73D5H'), ('WSL_INTEROP', '/run/WSL/8_interop'), ('PULSE_SERVER', '/mnt/wslg/PulseServer'), ('_', '/usr/bin/colcon'), ('ROS_VERSION', '2'), ('TERM', 'xterm-256color'), ('ROS_LOCALHOST_ONLY', '0'), ('PATH', '/home/pedroportela/.local/bin:/opt/ros/foxy/bin:/usr/local/sbin:/usr/local/bin:/usr/sbin:/usr/bin:/sbin:/bin:/usr/games:/usr/local/games:/usr/lib/wsl/lib:/mnt/c/Program Files/Eclipse Adoptium/jdk-17.0.2.8-hotspot/bin:/mnt/c/Program Files/National Instruments/Shared/OpenVINO/:/mnt/c/Program Files (x86)/Common Files/Oracle/Java/javapath:/mnt/c/Windows/system32:/mnt/c/Windows:/mnt/c/Windows/System32/Wbem:/mnt/c/Windows/System32/WindowsPowerShell/v1.0/:/mnt/c/Windows/System32/OpenSSH/:/mnt/c/Program Files/Git/cmd:/mnt/c/ProgramData/chocolatey/bin:/mnt/c/ProgramData/chocolatey/lib/cunit/lib:/mnt/c/ProgramData/chocolatey/lib/tinyxml2/lib:/mnt/c/ProgramData/chocolatey/lib/log4cxx/lib:/mnt/c/ProgramData/chocolatey/lib/bullet/lib:/mnt/c/Users/pedro/AppData/Local/Programs/Python/Python310/Scripts/:/mnt/c/Users/pedro/AppData/Local/Programs/Python/Python310/:/mnt/c/Users/pedro/AppData/Local/Microsoft/WindowsApps:/mnt/c/Users/pedro/AppData/Local/GitHubDesktop/bin:/mnt/c/Users/pedro/AppData/Local/Programs/Microsoft VS Code/bin:/snap/bin'), ('WT_SESSION', '29d23cc8-926e-4f74-a151-5bc35f10468f'), ('XDG_RUNTIME_DIR', '/mnt/wslg/runtime-dir'), ('DISPLAY', ':0'), ('LANG', 'en_US.UTF-8'), ('LS_COLORS', 'rs=0:di=01;34:ln=01;36:mh=00:pi=40;33:so=01;35:do=01;35:bd=40;33;01:cd=40;33;01:or=40;31;01:mi=00:su=37;41:sg=30;43:ca=30;41:tw=30;42:ow=34;42:st=37;44:ex=01;32:*.tar=01;31:*.tgz=01;31:*.arc=01;31:*.arj=01;31:*.taz=01;31:*.lha=01;31:*.lz4=01;31:*.lzh=01;31:*.lzma=01;31:*.tlz=01;31:*.txz=01;31:*.tzo=01;31:*.t7z=01;31:*.zip=01;31:*.z=01;31:*.dz=01;31:*.gz=01;31:*.lrz=01;31:*.lz=01;31:*.lzo=01;31:*.xz=01;31:*.zst=01;31:*.tzst=01;31:*.bz2=01;31:*.bz=01;31:*.tbz=01;31:*.tbz2=01;31:*.tz=01;31:*.deb=01;31:*.rpm=01;31:*.jar=01;31:*.war=01;31:*.ear=01;31:*.sar=01;31:*.rar=01;31:*.alz=01;31:*.ace=01;31:*.zoo=01;31:*.cpio=01;31:*.7z=01;31:*.rz=01;31:*.cab=01;31:*.wim=01;31:*.swm=01;31:*.dwm=01;31:*.esd=01;31:*.jpg=01;35:*.jpeg=01;35:*.mjpg=01;35:*.mjpeg=01;35:*.gif=01;35:*.bmp=01;35:*.pbm=01;35:*.pgm=01;35:*.ppm=01;35:*.tga=01;35:*.xbm=01;35:*.xpm=01;35:*.tif=01;35:*.tiff=01;35:*.png=01;35:*.svg=01;35:*.svgz=01;35:*.mng=01;35:*.pcx=01;35:*.mov=01;35:*.mpg=01;35:*.mpeg=01;35:*.m2v=01;35:*.mkv=01;35:*.webm=01;35:*.ogm=01;35:*.mp4=01;35:*.m4v=01;35:*.mp4v=01;35:*.vob=01;35:*.qt=01;35:*.nuv=01;35:*.wmv=01;35:*.asf=01;35:*.rm=01;35:*.rmvb=01;35:*.flc=01;35:*.avi=01;35:*.fli=01;35:*.flv=01;35:*.gl=01;35:*.dl=01;35:*.xcf=01;35:*.xwd=01;35:*.yuv=01;35:*.cgm=01;35:*.emf=01;35:*.ogv=01;35:*.ogx=01;35:*.aac=00;36:*.au=00;36:*.flac=00;36:*.m4a=00;36:*.mid=00;36:*.midi=00;36:*.mka=00;36:*.mp3=00;36:*.mpc=00;36:*.ogg=00;36:*.ra=00;36:*.wav=00;36:*.oga=00;36:*.opus=00;36:*.spx=00;36:*.xspf=00;36:'), ('AMENT_PREFIX_PATH', '/opt/ros/foxy'), ('SHELL', '/bin/bash'), ('LESSCLOSE', '/usr/bin/lesspipe %s %s'), ('PWD', '/home/pedroportela/Linux/ros/scr/action_ws/build/action_tutorials_interfaces'), ('XDG_DATA_DIRS', '/usr/local/share:/usr/share:/var/lib/snapd/desktop'), ('PYTHONPATH', '/opt/ros/foxy/lib/python3.8/site-packages'), ('COLCON', '1'), ('HOSTTYPE', 'x86_64'), ('WSLENV', 'WT_SESSION::WT_PROFILE_ID')]), 'shell': False}
[0.099230] (-) TimerEvent: {}
[0.199982] (-) TimerEvent: {}
[0.300490] (-) TimerEvent: {}
[0.325194] (action_tutorials_interfaces) StdoutLine: {'line': b'-- The C compiler identification is GNU 9.4.0\n'}
[0.400644] (-) TimerEvent: {}
[0.501621] (-) TimerEvent: {}
[0.589053] (action_tutorials_interfaces) StdoutLine: {'line': b'-- The CXX compiler identification is GNU 9.4.0\n'}
[0.601846] (-) TimerEvent: {}
[0.688063] (action_tutorials_interfaces) StdoutLine: {'line': b'-- Check for working C compiler: /usr/bin/cc\n'}
[0.701984] (-) TimerEvent: {}
[0.802361] (-) TimerEvent: {}
[0.815861] (action_tutorials_interfaces) StdoutLine: {'line': b'-- Check for working C compiler: /usr/bin/cc -- works\n'}
[0.817955] (action_tutorials_interfaces) StdoutLine: {'line': b'-- Detecting C compiler ABI info\n'}
[0.902531] (-) TimerEvent: {}
[0.944428] (action_tutorials_interfaces) StdoutLine: {'line': b'-- Detecting C compiler ABI info - done\n'}
[0.957256] (action_tutorials_interfaces) StdoutLine: {'line': b'-- Detecting C compile features\n'}
[0.958239] (action_tutorials_interfaces) StdoutLine: {'line': b'-- Detecting C compile features - done\n'}
[0.963693] (action_tutorials_interfaces) StdoutLine: {'line': b'-- Check for working CXX compiler: /usr/bin/c++\n'}
[1.002704] (-) TimerEvent: {}
[1.088561] (action_tutorials_interfaces) StdoutLine: {'line': b'-- Check for working CXX compiler: /usr/bin/c++ -- works\n'}
[1.089598] (action_tutorials_interfaces) StdoutLine: {'line': b'-- Detecting CXX compiler ABI info\n'}
[1.102866] (-) TimerEvent: {}
[1.203266] (-) TimerEvent: {}
[1.222342] (action_tutorials_interfaces) StdoutLine: {'line': b'-- Detecting CXX compiler ABI info - done\n'}
[1.234630] (action_tutorials_interfaces) StdoutLine: {'line': b'-- Detecting CXX compile features\n'}
[1.235515] (action_tutorials_interfaces) StdoutLine: {'line': b'-- Detecting CXX compile features - done\n'}
[1.242844] (action_tutorials_interfaces) StdoutLine: {'line': b'-- Found ament_cmake: 0.9.9 (/opt/ros/foxy/share/ament_cmake/cmake)\n'}
[1.273014] (action_tutorials_interfaces) StdoutLine: {'line': b'-- Found PythonInterp: /usr/bin/python3 (found suitable version "3.8.10", minimum required is "3") \n'}
[1.273271] (action_tutorials_interfaces) StdoutLine: {'line': b'-- Using PYTHON_EXECUTABLE: /usr/bin/python3\n'}
[1.303392] (-) TimerEvent: {}
[1.403739] (-) TimerEvent: {}
[1.504133] (-) TimerEvent: {}
[1.512823] (action_tutorials_interfaces) StdoutLine: {'line': b'-- Found ament_lint_auto: 0.9.6 (/opt/ros/foxy/share/ament_lint_auto/cmake)\n'}
[1.560371] (action_tutorials_interfaces) StderrLine: {'line': b"Error parsing '/home/pedroportela/Linux/ros/scr/action_ws/src/action_tutorials_interfaces/package.xml':\n"}
[1.604296] (-) TimerEvent: {}
[1.704696] (-) TimerEvent: {}
[1.796709] (action_tutorials_interfaces) StderrLine: {'line': b'Traceback (most recent call last):\n'}
[1.796941] (action_tutorials_interfaces) StderrLine: {'line': b'  File "/usr/lib/python3/dist-packages/catkin_pkg/package.py", line 597, in parse_package_string\n'}
[1.797070] (action_tutorials_interfaces) StderrLine: {'line': b'    root = dom.parseString(data)\n'}
[1.797183] (action_tutorials_interfaces) StderrLine: {'line': b'  File "/usr/lib/python3.8/xml/dom/minidom.py", line 1969, in parseString\n'}
[1.797283] (action_tutorials_interfaces) StderrLine: {'line': b'    return expatbuilder.parseString(string)\n'}
[1.797366] (action_tutorials_interfaces) StderrLine: {'line': b'  File "/usr/lib/python3.8/xml/dom/expatbuilder.py", line 925, in parseString\n'}
[1.797500] (action_tutorials_interfaces) StderrLine: {'line': b'    return builder.parseString(string)\n'}
[1.797606] (action_tutorials_interfaces) StderrLine: {'line': b'  File "/usr/lib/python3.8/xml/dom/expatbuilder.py", line 223, in parseString\n'}
[1.797715] (action_tutorials_interfaces) StderrLine: {'line': b'    parser.Parse(string, True)\n'}
[1.797826] (action_tutorials_interfaces) StderrLine: {'line': b'xml.parsers.expat.ExpatError: junk after document element: line 20, column 0\n'}
[1.797931] (action_tutorials_interfaces) StderrLine: {'line': b'\n'}
[1.798069] (action_tutorials_interfaces) StderrLine: {'line': b'During handling of the above exception, another exception occurred:\n'}
[1.798179] (action_tutorials_interfaces) StderrLine: {'line': b'\n'}
[1.798294] (action_tutorials_interfaces) StderrLine: {'line': b'Traceback (most recent call last):\n'}
[1.798395] (action_tutorials_interfaces) StderrLine: {'line': b'  File "/opt/ros/foxy/share/ament_cmake_core/cmake/core/package_xml_2_cmake.py", line 143, in <module>\n'}
[1.798533] (action_tutorials_interfaces) StderrLine: {'line': b'    main()\n'}
[1.798701] (action_tutorials_interfaces) StderrLine: {'line': b'  File "/opt/ros/foxy/share/ament_cmake_core/cmake/core/package_xml_2_cmake.py", line 52, in main\n'}
[1.798847] (action_tutorials_interfaces) StderrLine: {'line': b'    raise e\n'}
[1.798991] (action_tutorials_interfaces) StderrLine: {'line': b'  File "/opt/ros/foxy/share/ament_cmake_core/cmake/core/package_xml_2_cmake.py", line 48, in main\n'}
[1.799101] (action_tutorials_interfaces) StderrLine: {'line': b'    package = parse_package_string(\n'}
[1.799265] (action_tutorials_interfaces) StderrLine: {'line': b'  File "/usr/lib/python3/dist-packages/catkin_pkg/package.py", line 599, in parse_package_string\n'}
[1.799406] (action_tutorials_interfaces) StderrLine: {'line': b"    raise InvalidPackage('The manifest contains invalid XML:\\n%s' % ex, filename)\n"}
[1.799551] (action_tutorials_interfaces) StderrLine: {'line': b"catkin_pkg.package.InvalidPackage: Error(s) in package '/home/pedroportela/Linux/ros/scr/action_ws/src/action_tutorials_interfaces/package.xml':\n"}
[1.799698] (action_tutorials_interfaces) StderrLine: {'line': b'The manifest contains invalid XML:\n'}
[1.799840] (action_tutorials_interfaces) StderrLine: {'line': b'junk after document element: line 20, column 0\n'}
[1.804883] (-) TimerEvent: {}
[1.821719] (action_tutorials_interfaces) StderrLine: {'line': b'CMake Error at /opt/ros/foxy/share/ament_cmake_core/cmake/core/ament_package_xml.cmake:94 (message):\n'}
[1.821967] (action_tutorials_interfaces) StderrLine: {'line': b'  execute_process(/usr/bin/python3\n'}
[1.822125] (action_tutorials_interfaces) StderrLine: {'line': b'  /opt/ros/foxy/share/ament_cmake_core/cmake/core/package_xml_2_cmake.py\n'}
[1.822421] (action_tutorials_interfaces) StderrLine: {'line': b'  /home/pedroportela/Linux/ros/scr/action_ws/src/action_tutorials_interfaces/package.xml\n'}
[1.822612] (action_tutorials_interfaces) StderrLine: {'line': b'  /home/pedroportela/Linux/ros/scr/action_ws/build/action_tutorials_interfaces/ament_cmake_core/package.cmake)\n'}
[1.822780] (action_tutorials_interfaces) StderrLine: {'line': b'  returned error code 1\n'}
[1.823032] (action_tutorials_interfaces) StderrLine: {'line': b'Call Stack (most recent call first):\n'}
[1.823191] (action_tutorials_interfaces) StderrLine: {'line': b'  /opt/ros/foxy/share/ament_cmake_core/cmake/core/ament_package_xml.cmake:49 (_ament_package_xml)\n'}
[1.823364] (action_tutorials_interfaces) StderrLine: {'line': b'  /opt/ros/foxy/share/ament_lint_auto/cmake/ament_lint_auto_find_test_dependencies.cmake:31 (ament_package_xml)\n'}
[1.823558] (action_tutorials_interfaces) StderrLine: {'line': b'  CMakeLists.txt:32 (ament_lint_auto_find_test_dependencies)\n'}
[1.823776] (action_tutorials_interfaces) StderrLine: {'line': b'\n'}
[1.823953] (action_tutorials_interfaces) StderrLine: {'line': b'\n'}
[1.824120] (action_tutorials_interfaces) StdoutLine: {'line': b'-- Configuring incomplete, errors occurred!\n'}
[1.824317] (action_tutorials_interfaces) StdoutLine: {'line': b'See also "/home/pedroportela/Linux/ros/scr/action_ws/build/action_tutorials_interfaces/CMakeFiles/CMakeOutput.log".\n'}
[1.826292] (action_tutorials_interfaces) CommandEnded: {'returncode': 1}
[1.827266] (action_tutorials_interfaces) JobEnded: {'identifier': 'action_tutorials_interfaces', 'rc': 1}
[1.838301] (-) EventReactorShutdown: {}
